<?xml version="1.0" encoding="UTF-8"?>
<con:testCase xmlns:con="http://eviware.com/soapui/config" id="f0a28348-b063-45f5-a45b-f3a73f98aab5" discardOkResults="false" failOnError="false" failTestCaseOnErrors="true" keepSession="false" name="Test Case for scritps" searchProperties="true" timeout="0">
  <con:settings id="a4e88595-d565-4df9-a34d-b4867665b796">
    <con:setting id="IncludeOverview">true</con:setting>
    <con:setting id="IncludeResults">true</con:setting>
    <con:setting id="FlowLayout">false</con:setting>
    <con:setting id="ErrorDetails">true</con:setting>
    <con:setting id="IncludeCoverage">true</con:setting>
    <con:setting id="f0a28348-b063-45f5-a45b-f3a73f98aab5fileName">Test-Case-for-scritps</con:setting>
  </con:settings>
  <con:testStep type="restrequest" name="getOne" id="058227fa-7f38-4ea3-9aa0-759400e95885">
    <con:settings/>
    <con:config xmlns:xsi="http://www.w3.org/2001/XMLSchema-instance" service="FakeRESTApi.Web V1" resourcePath="/api/v1/Books/{id}" methodName="GET" xsi:type="con:RestRequestStep">
      <con:restRequest name="getOne" id="2379b833-ed65-4657-9783-d373dd12c9d5" mediaType="application/json">
        <con:description xsi:nil="true"/>
        <con:settings>
          <con:setting id="com.eviware.soapui.impl.wsdl.WsdlRequest@request-headers">&lt;xml-fragment/></con:setting>
        </con:settings>
        <con:endpoint>https://fakerestapi.azurewebsites.net/</con:endpoint>
        <con:request/>
        <con:originalUri>https://fakerestapi.azurewebsites.net/api/v1/Books/2</con:originalUri>
        <con:assertion type="Valid HTTP Status Codes" id="2e3e231f-a4b6-464c-9924-1157dd225d4e" name="Valid HTTP Status Codes">
          <con:settings/>
          <con:configuration>
            <codes>200</codes>
          </con:configuration>
        </con:assertion>
        <con:assertion type="Response SLA Assertion" id="50ecda90-a633-488f-abb6-54e7dc969db9" name="Response SLA">
          <con:configuration>
            <SLA>700</SLA>
          </con:configuration>
        </con:assertion>
        <con:assertion type="GroovyScriptAssertion" id="27746681-f4d6-41bb-a82d-5a55b44cbdcf" name="Script Assertion">
          <con:configuration>
            <scriptText>import groovy.json.JsonSlurper

log.info("Executing validate response script...")
def response = messageExchange.response

// show headers
def headers = response.responseHeaders
for (var aHeader in headers){
	log.info("aHeader: ${aHeader}")
}

// assert status
String status = headers.get("#status#")
log.info("status: ${status}")
assert (status.indexOf("200") >=0)

// assert body
def bodyStr = response.contentAsString
log.info("bodyStr: ${bodyStr}")

// transform to json
def parser = new JsonSlurper()

def jsonResp = parser.parseText(bodyStr)
def title = jsonResp.title

log.info("title: ${title}")

assert title ==~ /Book [0-9]{1,}/</scriptText>
          </con:configuration>
        </con:assertion>
        <con:credentials>
          <con:selectedAuthProfile>No Authorization</con:selectedAuthProfile>
          <con:authType>No Authorization</con:authType>
        </con:credentials>
        <con:jmsConfig JMSDeliveryMode="PERSISTENT"/>
        <con:parameters>
          <con:entry key="id" value="2"/>
        </con:parameters>
        <con:parameterOrder>
          <con:entry>id</con:entry>
        </con:parameterOrder>
      </con:restRequest>
    </con:config>
  </con:testStep>
  <con:testStep type="groovy" name="Update test case prop" id="40bce2d5-20f7-4597-93c6-ec27d2962470">
    <con:settings/>
    <con:config>
      <script>log.info("============= SCRIPT UDPATE PROP =================I")

def propToUpdatte = 'MyProp'
def newValue = 'new Value'

// --- Con context
def currTescCase = context.getTestCase()
log.info("Test case:: ${ currTescCase.name}")

def tcProps =  currTescCase.properties

for (var aProp  in tcProps){
	log.info("Prop: ${aProp.key}")
	if(aProp.key == propToUpdatte){
		aProp.setValue(newValue);
		break
	}
}

def aProp = currTescCase.getProperty(propToUpdatte)
aProp.setValue(newValue);

// con testrunner
def prop2ToUpdate = 'SecProp'
def newValue2 = 'new Value 2'
testRunner.getTestCase().getProperty(prop2ToUpdate).setValue(newValue2)

// update with previous result
def testResults = testRunner.results
def result = ''
def  stepName = "getOne"

for( aResp in testResults ){
	log.info ">  TestStep [" + aResp.testStep.name + "] finished with status " + aResp.status
	if( aResp.testStep.name == stepName){		
		result = aResp.responseContent
		//break;
	}
}

testRunner.getTestCase().getProperty(prop2ToUpdate).setValue(result)
log.info("Test case prop 2: ${testRunner.getTestCase().getProperty(prop2ToUpdate).getValue()} ")</script>
    </con:config>
  </con:testStep>
  <con:testStep type="groovy" name="Lib use" id="646a1b6f-d9ee-4db9-b6fa-0d5f19adb523">
    <con:settings/>
    <con:config>
      <script>import Callee

c = new Callee()
log.info(c.hello())

Callee.salute("Ricardo",log)</script>
    </con:config>
  </con:testStep>
  <con:testStep type="groovy" name="Access assertions" id="0bc21e8c-1e5c-4b8c-95a9-e5e16a096151">
    <con:settings/>
    <con:config>
      <script>log.info("============= SCRIPT ACCESS ASSERTIONS  =================I")

testRunner.testCase.testSteps.each{ name,props ->
    log.info "Test step name: $name"
    // check that the testStep class support assertions     
    if(props.metaClass.respondsTo(props, "getAssertionList")){
        // get assertionList
        props.getAssertionList().each{
           log.info "-Assertion:  $it.label - $it.status"
        }
    }
}

log.info("END....")</script>
    </con:config>
  </con:testStep>
  <con:testStep type="datasink" name="Save results" id="70555cda-a0dc-4c6c-90ef-d47d68de449c">
    <con:settings/>
    <con:config xmlns:xsi="http://www.w3.org/2001/XMLSchema-instance" xsi:type="con:DataSinkStep">
      <con:dataSink type="Groovy">
        <con:configuration>
          <script>import groovy.sql.Sql
import java.util.Date   

log.info("Storing results scrpit...")

def stepName = "getOne"

// DB params
def sql = Sql.newInstance('jdbc:mysql://localhost:3306/productsdb', 'products_user', 'rapi123', 'com.mysql.jdbc.Driver')
sql.connection.autoCommit = false

Date date = new Date()
def fecha = date.format( 'yyyy-MM-dd' )
def testStepName = 'login user'

String status = '';
def passed

/* Using a property */
/*
def testStep =  context.testCase.getTestStepByName("Guardar token")
def stepProperty = testStep.getProperty("token")
def passed = stepProperty.getValue()!=null
*/

/* Rerunning a step */

/*
def rtestStep =  context.testCase.getTestStepByName(stepName)
String status = testRunner.runTestStep(rtestStep).status
passed = status.equals("PASS")
log.info("status: ${status}")*/

/* Searching for results */
log.info("results: ${testRunner.results}")
for( r in testRunner.results ){
	log.info "*** TestStep [" + r.testStep.name + "] finished with status " + r.status
	if(stepName == r.testStep.name){		
		status = r.status
		break;
	}
}

if(status != ''){
	passed = status.equals("PASS")
	// Geneate query
	def sqlstr = "INSERT INTO results (fecha,teststepname,resultado) VALUES (${fecha},${stepName}, ${passed})" 
	log.info("sqlstr: ${sqlstr}")
	
	
	// Insert
	try {
		sql.execute(sqlstr);
		sql.commit()
		log.info("Successfully committed")
	}catch(Exception ex) {
		sql.rollback()
		log.error("Transaction rollback: ${ex}")
	}
	
	sql.close()
}</script>
        </con:configuration>
      </con:dataSink>
      <con:properties/>
    </con:config>
  </con:testStep>
  <con:properties>
    <con:property>
      <con:name>MyProp</con:name>
      <con:value>new Value</con:value>
    </con:property>
    <con:property>
      <con:name>SecProp</con:name>
      <con:value>{"id":2,"title":"Book 2","description":"Nobis sed eos gubergren esse ut velit elitr justo sit ut sit eu. Dolores diam voluptua at sadipscing sea ea labore ipsum elitr amet rebum. Accusam nonumy odio aliquam no aliquyam clita at accusam accusam et. Et ea labore nonumy lorem. Doming assum dolor sed nulla et dolor dolore. Sadipscing sit cum diam veniam et gubergren eirmod et minim eirmod assum dolor dolores at. Erat lorem ut euismod augue nisl rebum sit gubergren et iusto. Invidunt euismod sed lorem et magna vulputate magna sea. Dolor ea at nonumy duis eos gubergren ea ipsum ut odio. Ut ipsum sea sit accusam vel sanctus suscipit ut lorem ipsum clita. Velit minim labore enim velit aliquip duo magna ullamcorper sit odio ipsum est wisi. Dolore sed dolor accusam no nulla. Elitr labore tempor tincidunt ut luptatum eos invidunt elitr consetetur et elitr diam dolor nibh amet dolore ut et. Facilisis erat eirmod placerat invidunt. Congue est erat sadipscing augue dolor justo ex vero. Eirmod augue rebum. Dolor amet nonumy. Labore diam elitr sanctus sea invidunt consequat ad et vel aliquyam et magna at sanctus ex.\n","pageCount":200,"excerpt":"Ipsum ad ipsum autem at sed commodo eum sed et no dolore euismod velit magna accumsan. Erat dolore minim illum et tempor dolore et ut nam kasd feugait takimata sanctus esse. Elitr labore ea sed vel ea odio tincidunt dolore feugait enim dolores autem et. Sit justo magna dolore consetetur amet hendrerit eos takimata stet diam eirmod amet ipsum ea voluptua at nam. Sed aliquyam dolore takimata feugiat. Esse ut dolore clita labore diam hendrerit sea autem lorem eum et eos vulputate sit iriure in sit. Diam eos placerat et ut diam augue rebum erat rebum et. Ut dolore consetetur sit doming amet dolor ut at. Aliquam lorem volutpat. Ea dolores ea. Et dolor ex dolor ea at magna diam autem eirmod. Sea sadipscing kasd sit aliquip aliquyam sed duo ipsum ullamcorper volutpat sea sed at sit accumsan hendrerit. Ipsum consetetur ipsum et diam duo soluta in. Nonumy sed et sed dolore eos. Est sit ipsum diam nulla erat.\nId elitr dolores hendrerit ea sit at sea ipsum. Wisi et clita sea dolor et vero et sit. Et accumsan dolores ipsum vero lorem magna ipsum takimata. Takimata magna luptatum eum justo at labore. Sed duo tempor et voluptua et sed amet dolor magna labore lorem. Et consequat dolore ut dolor ut ea kasd. Sed est eos gubergren justo ea sed vero dolore aliquyam molestie clita velit lobortis dolor ut accusam augue. Vero ut labore ea hendrerit ipsum aliquam sadipscing kasd et. Duo dolor nostrud lobortis ut takimata tempor dolor cum ut ipsum ut gubergren et. Ipsum tempor soluta consequat dolore et dolore nam lorem magna ut tempor facer clita. Minim accusam invidunt est amet erat. Eleifend vel nulla et facilisi kasd. Diam mazim esse. Tempor ipsum facilisis elitr takimata. Eos et erat sit blandit rebum eum no eu lorem clita possim sit diam. Dolor takimata euismod aliquyam iriure tincidunt in est lorem sadipscing aliquyam clita. Duo luptatum invidunt et voluptua sed iusto elitr ea sadipscing stet takimata lorem ea et ad dolor.\nAmet et odio consetetur imperdiet nonumy molestie vel at rebum accusam exerci est sadipscing eos at vero diam est. Eirmod justo kasd dolores consetetur tation ut diam justo dolores. Et accumsan et ullamcorper elitr ipsum lorem rebum vero erat et dolores. Autem sit voluptua eirmod eirmod elit sed sanctus amet velit et imperdiet at consectetuer dignissim. Eos autem ut magna blandit sit diam dolor feugait accusam diam erat ea et dolor diam sed. Amet laoreet clita vero accusam duo. Dolor aliquyam erat magna ut mazim sit. Clita ea eleifend. Nonummy ipsum vel justo invidunt consetetur dolores ipsum consequat duis. Ea magna lorem erat hendrerit eros amet eirmod ipsum duo nam nam dolore sea takimata rebum duo aliquyam. Erat in ut et rebum sed takimata exerci erat sea sadipscing eum accusam dolor. At nulla dolor ut justo tincidunt lorem sit eu wisi sed vero sed. Nulla aliquyam nonumy elitr et magna ex velit nisl at ea ipsum. Ipsum no duo dolore dolore ipsum magna voluptua gubergren aliquip consetetur eirmod ipsum. Voluptua minim et in sit eirmod et sed nibh.\nSit sadipscing et diam dolore et eleifend accusam delenit diam. Esse vero euismod voluptua ipsum duo magna eos elitr lorem amet vulputate. Clita lorem voluptua. Ea clita dignissim consetetur invidunt. Sit et labore et dolore erat consequat. Ut invidunt esse takimata nonumy sanctus feugiat rebum gubergren eos. Iusto esse euismod vero diam ipsum lorem ea at. Nibh amet diam. Justo in sanctus te dolore dolor amet rebum vulputate in augue aliquyam justo in aliquam diam vero elitr et.\nSea vero adipiscing ipsum accusam delenit lobortis illum rebum et ut justo. Assum et rebum sea odio lorem ut at sea labore elitr. Kasd dolor diam clita nonumy. Rebum quis assum est et accusam sanctus tempor adipiscing labore sit dolore accusam gubergren. Ipsum diam dolores vero dolor aliquyam justo nonumy ipsum duo vulputate duo ipsum consequat id sanctus. Nulla consequat odio nonumy iriure nisl sit dolor aliquam dolor sadipscing et. Rebum diam laoreet eos stet sed molestie amet. Lorem et et erat duis lorem duo dolores ad vero lorem. Consetetur nihil et accusam augue dolor ipsum dolor invidunt velit eros dolor molestie dolore. Magna elit laoreet dolor nibh elitr gubergren. Duis ut stet stet ut esse dolore diam erat labore dolore suscipit amet amet et laoreet erat diam. Vero duo et ea invidunt. Elitr odio vel sit eu ut mazim sed volutpat. Ipsum eum et. Sanctus lorem kasd clita clita vero takimata augue no ea invidunt erat labore est eum sanctus sit. Esse dolore sit sit duis magna at volutpat voluptua aliquyam nonumy labore sea et sed. Eos no ea at aliquyam rebum diam et in labore duis sea at. Elitr possim nulla et et et. Eos autem consetetur diam consectetuer justo vel stet diam ut laoreet nonumy ea dolores stet consetetur sadipscing eos.\n","publishDate":"2024-11-10T09:14:10.2024464+00:00"}</con:value>
    </con:property>
  </con:properties>
  <con:reportParameters/>
</con:testCase>
